[H[2J[3J******************************START**********************************
******************************START**********************************
Tue Oct 27 11:48:39 UTC 2020
/home/admin-kitab/Documents/OpenITI/Github_clone
Resetting local changes ...
HEAD is now at 6166c89 Added new files from Barzakh
HEAD is now at 67ff030 Added new files from Barzakh
HEAD is now at 5649340 Added new files from Barzakh
HEAD is now at 4740286 ms update
HEAD is now at 1ca1a01 Added new files from Barzakh
HEAD is now at 05b2579 Added new files from Barzakh
HEAD is now at 5670aaa Added new files from Barzakh
HEAD is now at 1fdf36f Added new files from Barzakh
HEAD is now at b5ec898 Added new files from Barzakh
HEAD is now at 03cf697 Added new files from Barzakh
HEAD is now at 9de487e Added new files from Barzakh
HEAD is now at 570b41f Added new files from Barzakh
HEAD is now at 117a73e Added new files from Barzakh
HEAD is now at 455727b Added new files from Barzakh
HEAD is now at 03a28a2 Added new files from Barzakh
HEAD is now at e21c903 Added new files from Barzakh
HEAD is now at 0b57f1b Added new files from Barzakh
HEAD is now at d10f683 Merge pull request #16 from aslishah/master
HEAD is now at 0c89ab3 Added new files from Barzakh
HEAD is now at da7cba4 Added new files from Barzakh
HEAD is now at 0f48a2b Added new files from Barzakh
HEAD is now at e0105df ms update
HEAD is now at 603eacc Added new files from Barzakh
HEAD is now at 98f99af Added new files from Barzakh
HEAD is now at a3a6184 Added new files from Barzakh
HEAD is now at f37720f Added new files from Barzakh
HEAD is now at 2976ba5 Added new files from Barzakh
HEAD is now at 2073ace Added new files from Barzakh
HEAD is now at 2c7ea36 Added new files from Barzakh
HEAD is now at f69073b ms update
HEAD is now at 93fbff5 Added new files from Barzakh
HEAD is now at 4f1bec3 correction to transciption: tārīkh > tārīḫ
HEAD is now at c14068c ms update
HEAD is now at a0dd9ea Added new files from Barzakh
HEAD is now at cd59245 Added new files from Barzakh
HEAD is now at a10bbf5 ms update
HEAD is now at 29c3296 Added new files from Barzakh
HEAD is now at 648bf14 Merge pull request #1 from Simonpeterloynes/master
HEAD is now at c7c32fc Merge pull request #7 from Simonpeterloynes/master
HEAD is now at 1495b69 Merge pull request #1 from Simonpeterloynes/master
HEAD is now at 6c2c69d Merge pull request #3 from Simonpeterloynes/master
HEAD is now at c37921f Added new files from Barzakh
HEAD is now at 76c122a Added new files from Barzakh
HEAD is now at 54fa6fc ms update
HEAD is now at a676307 Added new files from Barzakh
HEAD is now at 7b711fe ms update
HEAD is now at cf60bb5 Merge pull request #5 from hamidrh66/master
HEAD is now at adc7227 yml updates
HEAD is now at a333c60 ms update
HEAD is now at 03a101a ms update
HEAD is now at 39b4059 Added new files from Barzakh
HEAD is now at 90399ea ms update
HEAD is now at 42a23de Added new files from Barzakh
HEAD is now at 32c2f5e Merge pull request #4 from hamidrh66/master
HEAD is now at 893afee Merge pull request #3 from hamidrh66/master
HEAD is now at f9b8846 ms update
HEAD is now at 5fb066d ms update
HEAD is now at a27b68b ms updated, few metadata fixes
HEAD is now at 65bf587 Merge pull request #2 from hamidrh66/master
HEAD is now at d6362a6 metadata_2020-2-3 files updated
HEAD is now at 2ec9a18 Added new files from Barzakh
HEAD is now at ca90ea6 Added new files from Barzakh
Fetching changes from corpus ...
Already up to date.
Already up to date.
Already up to date.
Already up to date.
Already up to date.
Already up to date.
Already up to date.
Already up to date.
Already up to date.
Already up to date.
Already up to date.
Already up to date.
Already up to date.
Already up to date.
Already up to date.
Already up to date.
Already up to date.
Already up to date.
Already up to date.
Already up to date.
Already up to date.
Already up to date.
Already up to date.
Already up to date.
Already up to date.
Already up to date.
Already up to date.
Already up to date.
Already up to date.
Already up to date.
Already up to date.
Already up to date.
Already up to date.
Already up to date.
Already up to date.
Already up to date.
Already up to date.
Already up to date.
Already up to date.
Already up to date.
Already up to date.
Already up to date.
Already up to date.
Already up to date.
Already up to date.
Already up to date.
Already up to date.
Already up to date.
Already up to date.
Already up to date.
Already up to date.
Already up to date.
Already up to date.
Already up to date.
Already up to date.
Already up to date.
Already up to date.
Already up to date.
Already up to date.
Already up to date.
Already up to date.
Already up to date.
/home/admin-kitab/Documents/Projects/kitab-metadata-automation
Generating corpus metadata  ...
Tue Oct 27 11:48:43 UTC 2020
*****************************END***********************************
*****************************END***********************************
