/home/admin-kitab/Documents/OpenITI/GitHub_clone
/home/admin-kitab/Documents/Projects/kitab-metadata-automation
Resetting local changes ...
Fetching changes from corpus ...
/home/admin-kitab/Documents/Projects/kitab-metadata-automation
/home/admin-kitab/Documents/Projects/kitab-metadata-automation
Generating corpus metadata  ...
config ./utility/config-automated-do-not-remove-or-change.py
corpus_path ../../OpenITI/Github_clone
exclude ['OpenITI.github.io', 'Annotation', 'maintenance', 'i.mech00', 'i.mech01', 'i.mech02', 'i.mech03', 'i.mech04', 'i.mech05', 'i.mech06', 'i.mech07', 'i.mech08', 'i.mech09', 'i.logic', 'i.cex', 'i.cex_Temp', 'i.mech', 'i.mech_Temp', '.git']
data_in_25_year_repos True
perform_yml_check False
check_token_counts True
incl_char_length True
output_path ./output/
meta_tsv_fp ./output/OpenITI_Github_clone_metadata_light.csv
meta_yml_fp ./output/OpenITI_Github_clone_metadata_complete.yml
meta_json_fp ./output/OpenITI_Github_clone_metadata_light.json
meta_header_fp ./output/OpenITI_Github_clone_header_metadata.json
silent True
================================================================================
Collecting metadata...
collecting metadata from OpenITI...
coرنeلس vن ألeن vن ديcك، coرنeلس vن ديكe
أبو بشر متى بن يونس
أبو بشر متى بن يونس
أبو بشر متى بن يونس
أبو بشر متى بن يونس
أبو بشر متى بن يونس
أبو بشر متى بن يونس
(مؤلف مجهول)
(مؤلف مجهول)
MISSING FILE? ../../OpenITI/Github_clone/0600AH/data/0600QadiSayyidQummi/0600QadiSayyidQummi.TacliqaCalaFawaidRadawiyya/0600QadiSayyidQummi.TacliqaCalaFawaidRadawiyya.Shia004006-ara1 does not exist
يوسف المحلي
(مترجم مجهول)
1111Majlisi.BiharAnwar.Shia001432VolsB-ara1
1111Majlisi.BiharAnwar.Shia001432VolsC-ara1
1111Majlisi.BiharAnwar.Shia001432VolsA-ara1
أبو زكريا يحيى بن عدي
أبو سعد الآبي
أبو سعد الآبي
إبن سوار
خير الدين إبن إليس
يحيى بن البطريق
يحيى بن البطريق
يحيى بن البطريق
إبن رضوان
عبد المسيح الناعمي
(مؤلف مجهول)
أبو العباس النيريزي
أبو العباس النيريزي
أبو العباس النيريزي
أبو عثمان الدمشقي
أبو عثمان الدمشقي
أبو عثمان الدمشقي
أبو عثمان الدمشقي
أبو عثمان الدمشقي
أبو عثمان الدمشقي
أبو عثمان الدمشقي
أسطاث (eستتهس)
(مترجم مجهول)
حنين بن إسحاق
حنين بن إسحاق
حنين بن إسحاق
حنين بن إسحاق
حنين بن إسحاق
حنين بن إسحاق
حنين بن إسحاق
حنين بن إسحاق
حنين بن إسحاق
حنين بن إسحاق
حنين بن إسحاق
حنين بن إسحاق
حنين بن إسحاق
حنين بن إسحاق
حنين بن إسحاق
حنين بن إسحاق
حنين بن إسحاق
حنين بن إسحاق
حنين بن إسحاق
حنين بن إسحاق
حنين بن إسحاق
حنين بن إسحاق
ثيادورس إبن بسيل
إصطفن إبن بسيل
(مترجم مجهول)
قسطا بن لوقا
قسطا بن لوقا
قسطا بن لوقا
حبيش بن الحسن
حبيش بن الحسن
حبيش بن الحسن
حبيش بن الحسن
حبيش بن الحسن
حبيش بن الحسن
حبيش بن الحسن
حبيش بن الحسن
إسحاق بن حنين
إسحاق بن حنين
إسحاق بن حنين
إسحاق بن حنين
إسحاق بن حنين
إسحاق بن حنين
إسحاق بن حنين
إسحاق بن حنين
إسحاق بن حنين
إسحاق بن حنين
إسحاق بن حنين
إسحاق بن حنين
إسحاق بن حنين
إبن شهدا الكرخي
إبن شهدا الكرخي
إسحاق بن علي الرهاوي
عيسى بن يحيى
عيسى بن يحيى
عيسى بن يحيى
ثابت إبن قرة
ثابت إبن قرة
ثابت إبن قرة
(مترجم مجهول)
الرماني
الرماني
الرماني
الرماني
الرماني
إبن زرع
================================================================================
COLLECTING INTO A CSV FILE (7241 LINES)...
================================================================================
Processing time: 10.75 sec
================================================================================
Collecting issues from GitHub...
logged in to GitHub to collect issues...
issue labels in this repo (OpenITI/Annotation):
   Label(name="Development")
   Label(name="PRI & SEC Versions")
   Label(name="URI change suggestion")
   Label(name="discrepancies")
   Label(name="in progress")
   Label(name="no edition found")
   Label(name="review finished")
   Label(name="text quality")
   Label(name="text tagged")
   Label(name="urgent")
getting relevant issues from GitHub...
   URI change suggestion
   text quality
   PRI & SEC Versions
GitHub fetching time: 2.10 sec
================================================================================
Saving metadata...
================================================================================
Tada!
Total processing time: 12.84 sec
[master bb1ba2e] output generated
 5 files changed, 1514 insertions(+), 1329 deletions(-)
 create mode 100644 output.log
 rewrite run.sh (84%)
 create mode 100644 utility/config-automated-do-not-remove-or-change.py
/home/admin-kitab/Documents/OpenITI/GitHub_clone
/home/admin-kitab/Documents/Projects/kitab-metadata-automation
Resetting local changes ...
Fetching changes from corpus ...
/home/admin-kitab/Documents/Projects/kitab-metadata-automation
/home/admin-kitab/Documents/Projects/kitab-metadata-automation
Generating corpus metadata  ...
config ./utility/config-automated-do-not-remove-or-change.py
corpus_path ../../OpenITI/Github_clone
exclude ['OpenITI.github.io', 'Annotation', 'maintenance', 'i.mech00', 'i.mech01', 'i.mech02', 'i.mech03', 'i.mech04', 'i.mech05', 'i.mech06', 'i.mech07', 'i.mech08', 'i.mech09', 'i.logic', 'i.cex', 'i.cex_Temp', 'i.mech', 'i.mech_Temp', '.git']
data_in_25_year_repos True
perform_yml_check False
check_token_counts True
incl_char_length True
output_path ./output/
meta_tsv_fp ./output/OpenITI_Github_clone_metadata_light.csv
meta_yml_fp ./output/OpenITI_Github_clone_metadata_complete.yml
meta_json_fp ./output/OpenITI_Github_clone_metadata_light.json
meta_header_fp ./output/OpenITI_Github_clone_header_metadata.json
silent True
================================================================================
Collecting metadata...
collecting metadata from OpenITI...
coرنeلس vن ألeن vن ديcك، coرنeلس vن ديكe
أبو بشر متى بن يونس
أبو بشر متى بن يونس
أبو بشر متى بن يونس
أبو بشر متى بن يونس
أبو بشر متى بن يونس
أبو بشر متى بن يونس
(مؤلف مجهول)
(مؤلف مجهول)
MISSING FILE? ../../OpenITI/Github_clone/0600AH/data/0600QadiSayyidQummi/0600QadiSayyidQummi.TacliqaCalaFawaidRadawiyya/0600QadiSayyidQummi.TacliqaCalaFawaidRadawiyya.Shia004006-ara1 does not exist
يوسف المحلي
(مترجم مجهول)
1111Majlisi.BiharAnwar.Shia001432VolsB-ara1
1111Majlisi.BiharAnwar.Shia001432VolsC-ara1
1111Majlisi.BiharAnwar.Shia001432VolsA-ara1
أبو زكريا يحيى بن عدي
أبو سعد الآبي
أبو سعد الآبي
إبن سوار
خير الدين إبن إليس
يحيى بن البطريق
يحيى بن البطريق
يحيى بن البطريق
إبن رضوان
عبد المسيح الناعمي
(مؤلف مجهول)
أبو العباس النيريزي
أبو العباس النيريزي
أبو العباس النيريزي
أبو عثمان الدمشقي
أبو عثمان الدمشقي
أبو عثمان الدمشقي
أبو عثمان الدمشقي
أبو عثمان الدمشقي
أبو عثمان الدمشقي
أبو عثمان الدمشقي
أسطاث (eستتهس)
(مترجم مجهول)
حنين بن إسحاق
حنين بن إسحاق
حنين بن إسحاق
حنين بن إسحاق
حنين بن إسحاق
حنين بن إسحاق
حنين بن إسحاق
حنين بن إسحاق
حنين بن إسحاق
حنين بن إسحاق
حنين بن إسحاق
حنين بن إسحاق
حنين بن إسحاق
حنين بن إسحاق
حنين بن إسحاق
حنين بن إسحاق
حنين بن إسحاق
حنين بن إسحاق
حنين بن إسحاق
حنين بن إسحاق
حنين بن إسحاق
حنين بن إسحاق
ثيادورس إبن بسيل
إصطفن إبن بسيل
(مترجم مجهول)
قسطا بن لوقا
قسطا بن لوقا
قسطا بن لوقا
حبيش بن الحسن
حبيش بن الحسن
حبيش بن الحسن
حبيش بن الحسن
حبيش بن الحسن
حبيش بن الحسن
حبيش بن الحسن
حبيش بن الحسن
إسحاق بن حنين
إسحاق بن حنين
إسحاق بن حنين
إسحاق بن حنين
إسحاق بن حنين
إسحاق بن حنين
إسحاق بن حنين
إسحاق بن حنين
إسحاق بن حنين
إسحاق بن حنين
إسحاق بن حنين
إسحاق بن حنين
إسحاق بن حنين
إبن شهدا الكرخي
إبن شهدا الكرخي
إسحاق بن علي الرهاوي
عيسى بن يحيى
عيسى بن يحيى
عيسى بن يحيى
ثابت إبن قرة
ثابت إبن قرة
ثابت إبن قرة
(مترجم مجهول)
الرماني
الرماني
الرماني
الرماني
الرماني
إبن زرع
================================================================================
COLLECTING INTO A CSV FILE (7241 LINES)...
================================================================================
Processing time: 10.89 sec
================================================================================
Collecting issues from GitHub...
logged in to GitHub to collect issues...
issue labels in this repo (OpenITI/Annotation):
   Label(name="Development")
   Label(name="PRI & SEC Versions")
   Label(name="URI change suggestion")
   Label(name="discrepancies")
   Label(name="in progress")
   Label(name="no edition found")
   Label(name="review finished")
   Label(name="text quality")
   Label(name="text tagged")
   Label(name="urgent")
getting relevant issues from GitHub...
   URI change suggestion
   text quality
   PRI & SEC Versions
GitHub fetching time: 2.13 sec
================================================================================
Saving metadata...
================================================================================
Tada!
Total processing time: 13.02 sec
